{"level":"fatal","message":"Prueba fatal"}
{"level":"error","message":"Prueba error"}
{"level":"fatal","message":"Prueba fatal"}
{"level":"error","message":"Prueba error"}
{"level":"error","message":"El carrito con ID 6467a3d8f77829babb4827a6a NO existe!"}
{"level":"error","message":"Error registerUser: User already exist!"}
{"level":"error","message":"Error registerUser: User already exist!"}
{"level":"error","message":"Error registerUser: Faltan completar campos!"}
{"level":"error","message":"Error registerUser: Faltan completar campos!"}
{"level":"error","message":"loginUser = Incorrect credentials"}
{"level":"error","message":"loginUser = Incorrect password"}
{"level":"error","message":"loginUser = responseMessages is not defined"}
{"level":"error","message":"loginUser = responseMessages is not defined"}
{"level":"error","message":"loginUser = Incorrect password"}
{"level":"error","message":"postProduct = Producto duplicado!"}
{"level":"error","message":"loginUser = Incorrect password"}
{"level":"error","message":"loginUser = Incorrect password"}
{"level":"error","message":"loginUser = Incorrect password"}
{"level":"error","message":"loginUser = Incorrect password"}
{"level":"error","message":"Error deleteProductById: NO existe el producto que desea eliminar!"}
{"level":"error","message":"Error deleteProductById: NO existe el producto que desea eliminar!"}
{"level":"error","message":"Error deleteProductById: NO existe el producto que desea eliminar!"}
{"level":"error","message":"Error deleteProductById: NO existe el producto que desea eliminar!"}
{"level":"error","message":"Error deleteProductById: NO existe el producto que desea eliminar!"}
{"level":"error","message":"Error deleteProductById: NO existe el producto que desea eliminar!"}
{"level":"error","message":"Error deleteProductById: NO existe el producto que desea eliminar!"}
{"level":"error","message":"Error deleteProductById: NO existe el producto que desea eliminar!"}
{"level":"error","message":"Error deleteProductById: NO existe el producto que desea eliminar!"}
{"level":"error","message":"Error deleteProductById: NO tiene permiso para eliminar este producto!"}
{"level":"error","message":"Error deleteProductById: NO tiene permiso para eliminar este producto!"}
{"level":"error","message":"Error deleteProductById: NO tiene permiso para eliminar este producto!"}
{"level":"error","message":"Error deleteProductById: NO tiene permiso para eliminar este producto!"}
{"level":"error","message":"Error deleteProductById: NO tiene permiso para eliminar este producto!"}
{"level":"error","message":"Error deleteProductById: NO tiene permiso para eliminar este producto!"}
{"level":"error","message":"Error deleteProductById: NO tiene permiso para eliminar este producto!"}
{"level":"error","message":"Error deleteProductById: NO tiene permiso para eliminar este producto!"}
{"level":"error","message":"Error deleteProductById: NO existe el producto que desea eliminar!"}
{"level":"error","message":"Error deleteProductById: NO tiene permiso para eliminar este producto!"}
{"level":"error","message":"Error deleteProductById: NO tiene permiso para eliminar este producto!"}
{"level":"error","message":"Error deleteProductById: NO existe el producto que desea eliminar!"}
{"level":"error","message":"Error deleteProductById: NO existe el producto que desea eliminar!"}
{"level":"error","message":"Error deleteProductById: NO tiene permiso para eliminar este producto!"}
{"level":"error","message":"Error deleteProductById: NO tiene permiso para eliminar este producto!"}
{"level":"error","message":"Error deleteProductById: NO tiene permiso para eliminar este producto!"}
{"level":"error","message":"Error deleteProductById: NO tiene permiso para eliminar este producto!"}
{"level":"error","message":"Error deleteProductById: NO tiene permiso para eliminar este producto!"}
{"level":"error","message":"Error deleteProductById: NO tiene permiso para eliminar este producto!"}
{"level":"error","message":"Error deleteProductById: NO tiene permiso para eliminar este producto!"}
